app/manifest-merger-qa-release-report.txt
-- Merging decision tree log ---
manifest
ADDED from AndroidManifest.xml:2:1
	xmlns:android
		ADDED from AndroidManifest.xml:2:11
	package
		ADDED from AndroidManifest.xml:3:5
		INJECTED from AndroidManifest.xml:0:0
		INJECTED from AndroidManifest.xml:0:0
	android:versionName
		INJECTED from AndroidManifest.xml:0:0
		INJECTED from AndroidManifest.xml:0:0
	android:versionCode
		INJECTED from AndroidManifest.xml:0:0
		INJECTED from AndroidManifest.xml:0:0
uses-permission#android.permission.INTERNET
ADDED from AndroidManifest.xml:6:5
MERGED from com.crashlytics.sdk.android:crashlytics:2.5.2:9:5
MERGED from com.crashlytics.sdk.android:answers:1.3.2:9:5
MERGED from io.fabric.sdk.android:fabric:1.3.6:25:5
MERGED from io.fabric.sdk.android:fabric:1.3.6:25:5
MERGED from com.crashlytics.sdk.android:crashlytics-core:2.3.5:9:5
MERGED from com.crashlytics.sdk.android:answers:1.3.2:9:5
MERGED from io.fabric.sdk.android:fabric:1.3.6:25:5
MERGED from io.fabric.sdk.android:fabric:1.3.6:25:5
	android:name
		ADDED from AndroidManifest.xml:6:22
uses-permission#android.permission.ACCESS_NETWORK_STATE
ADDED from AndroidManifest.xml:7:5
	android:name
		ADDED from AndroidManifest.xml:7:22
uses-permission#android.permission.WRITE_EXTERNAL_STORAGE
ADDED from AndroidManifest.xml:8:5
	android:name
		ADDED from AndroidManifest.xml:8:22
uses-permission#android.permission.ACCESS_COARSE_LOCATION
ADDED from AndroidManifest.xml:10:5
	android:name
		ADDED from AndroidManifest.xml:10:22
uses-permission#android.permission.ACCESS_FINE_LOCATION
ADDED from AndroidManifest.xml:11:5
	android:name
		ADDED from AndroidManifest.xml:11:22
uses-permission#com.google.android.providers.gsf.permission.READ_GSERVICES
ADDED from AndroidManifest.xml:13:5
	android:name
		ADDED from AndroidManifest.xml:13:22
uses-permission#com.grupomedios.desclub.desclubandroid.permission.MAPS_RECEIVE
ADDED from AndroidManifest.xml:14:5
	android:name
		ADDED from AndroidManifest.xml:14:22
uses-feature#0x00020000
ADDED from AndroidManifest.xml:16:5
	android:required
		ADDED from AndroidManifest.xml:18:9
	android:glEsVersion
		ADDED from AndroidManifest.xml:17:9
permission#com.grupomedios.desclub.desclubandroid.permission.MAPS_RECEIVE
ADDED from AndroidManifest.xml:20:5
	android:protectionLevel
		ADDED from AndroidManifest.xml:22:9
	android:name
		ADDED from AndroidManifest.xml:21:9
application
ADDED from AndroidManifest.xml:24:5
MERGED from com.android.support:appcompat-v7:22.2.1:22:5
MERGED from com.android.support:support-v4:22.2.1:22:5
MERGED from com.android.support:support-v4:22.2.1:22:5
MERGED from com.android.support:support-v13:22.0.0:22:5
MERGED from com.android.support:support-v4:22.2.1:22:5
MERGED from com.google.android.gms:play-services-maps:7.3.0:19:5
MERGED from com.google.android.gms:play-services-base:7.3.0:20:5
MERGED from com.android.support:support-v4:22.2.1:22:5
MERGED from com.google.android.gms:play-services-appindexing:7.3.0:19:5
MERGED from com.google.android.gms:play-services-base:7.3.0:20:5
MERGED from com.android.support:support-v4:22.2.1:22:5
MERGED from com.google.android.gms:play-services-identity:7.3.0:19:5
MERGED from com.google.android.gms:play-services-base:7.3.0:20:5
MERGED from com.android.support:support-v4:22.2.1:22:5
MERGED from com.google.android.gms:play-services-plus:7.3.0:19:5
MERGED from com.google.android.gms:play-services-base:7.3.0:20:5
MERGED from com.android.support:support-v4:22.2.1:22:5
MERGED from com.google.android.gms:play-services-base:7.3.0:20:5
MERGED from com.android.support:support-v4:22.2.1:22:5
MERGED from com.google.android.gms:play-services-gcm:7.3.0:19:5
MERGED from com.google.android.gms:play-services-base:7.3.0:20:5
MERGED from com.android.support:support-v4:22.2.1:22:5
MERGED from com.facebook.android:facebook-android-sdk:3.21.1:24:5
MERGED from com.android.support:support-v4:22.2.1:22:5
MERGED from com.mcxiaoke.volley:library:1.0.8:11:5
MERGED from com.google.maps.android:android-maps-utils:0.3.4:7:5
MERGED from com.andreabaccega:android-form-edittext:1.1.0:11:5
MERGED from com.afollestad:material-dialogs:0.7.3.3:12:5
MERGED from com.android.support:support-v4:22.2.1:22:5
MERGED from com.android.support:appcompat-v7:22.2.1:22:5
MERGED from com.android.support:support-v4:22.2.1:22:5
MERGED from com.android.support:recyclerview-v7:22.1.1:22:5
MERGED from com.android.support:support-v4:22.2.1:22:5
MERGED from com.nhaarman.listviewanimations:lib-core:3.1.0:26:5
MERGED from com.nhaarman.listviewanimations:lib-manipulation:3.1.0:26:5
MERGED from com.nhaarman.listviewanimations:lib-core-slh:3.1.0:26:5
MERGED from com.yalantis:phoenix:1.1.2:11:5
MERGED from com.android.support:support-v4:22.2.1:22:5
MERGED from com.crashlytics.sdk.android:crashlytics:2.5.2:11:5
MERGED from com.crashlytics.sdk.android:answers:1.3.2:11:5
MERGED from io.fabric.sdk.android:fabric:1.3.6:27:5
MERGED from io.fabric.sdk.android:fabric:1.3.6:27:5
MERGED from com.crashlytics.sdk.android:crashlytics-core:2.3.5:11:5
MERGED from com.crashlytics.sdk.android:answers:1.3.2:11:5
MERGED from io.fabric.sdk.android:fabric:1.3.6:27:5
MERGED from io.fabric.sdk.android:fabric:1.3.6:27:5
MERGED from com.crashlytics.sdk.android:beta:1.1.3:9:5
	android:label
		ADDED from AndroidManifest.xml:28:9
	android:allowBackup
		ADDED from AndroidManifest.xml:26:9
	android:icon
		ADDED from AndroidManifest.xml:27:9
	android:theme
		ADDED from AndroidManifest.xml:30:9
	android:largeHeap
		ADDED from AndroidManifest.xml:29:9
	android:name
		ADDED from AndroidManifest.xml:25:9
activity#com.grupomedios.desclub.desclubandroid.home.activity.SplashActivity
ADDED from AndroidManifest.xml:34:9
	android:label
		ADDED from AndroidManifest.xml:36:13
	android:theme
		ADDED from AndroidManifest.xml:37:13
	android:name
		ADDED from AndroidManifest.xml:35:13
intent-filter#android.intent.action.MAIN+android.intent.category.LAUNCHER
ADDED from AndroidManifest.xml:38:13
action#android.intent.action.MAIN
ADDED from AndroidManifest.xml:39:17
	android:name
		ADDED from AndroidManifest.xml:39:25
category#android.intent.category.LAUNCHER
ADDED from AndroidManifest.xml:40:17
	android:name
		ADDED from AndroidManifest.xml:40:27
activity#com.grupomedios.desclub.desclubandroid.home.activity.DesclubMainActivity
ADDED from AndroidManifest.xml:45:9
	android:label
		ADDED from AndroidManifest.xml:47:13
	android:configChanges
		ADDED from AndroidManifest.xml:48:13
	android:name
		ADDED from AndroidManifest.xml:46:13
	android:logo
		ADDED from AndroidManifest.xml:49:13
activity#com.grupomedios.desclub.desclubandroid.card.activity.SaludActivity
ADDED from AndroidManifest.xml:52:9
	android:screenOrientation
		ADDED from AndroidManifest.xml:55:13
	android:label
		ADDED from AndroidManifest.xml:54:13
	android:configChanges
		ADDED from AndroidManifest.xml:56:13
	android:parentActivityName
		ADDED from AndroidManifest.xml:57:13
	android:name
		ADDED from AndroidManifest.xml:53:13
activity#com.grupomedios.desclub.desclubandroid.discounts.activity.DiscountListActivity
ADDED from AndroidManifest.xml:60:9
	android:label
		ADDED from AndroidManifest.xml:62:13
	android:configChanges
		ADDED from AndroidManifest.xml:63:13
	android:parentActivityName
		ADDED from AndroidManifest.xml:64:13
	android:name
		ADDED from AndroidManifest.xml:61:13
activity#com.grupomedios.desclub.desclubandroid.map.activity.DesclubMapActivity
ADDED from AndroidManifest.xml:67:9
	android:label
		ADDED from AndroidManifest.xml:69:13
	android:configChanges
		ADDED from AndroidManifest.xml:71:13
	android:parentActivityName
		ADDED from AndroidManifest.xml:72:13
	android:name
		ADDED from AndroidManifest.xml:68:13
	android:launchMode
		ADDED from AndroidManifest.xml:70:13
activity#com.grupomedios.desclub.desclubandroid.discounts.activity.DiscountActivity
ADDED from AndroidManifest.xml:75:9
	android:label
		ADDED from AndroidManifest.xml:77:13
	android:configChanges
		ADDED from AndroidManifest.xml:79:13
	android:parentActivityName
		ADDED from AndroidManifest.xml:80:13
	android:name
		ADDED from AndroidManifest.xml:76:13
	android:launchMode
		ADDED from AndroidManifest.xml:78:13
meta-data#com.google.android.maps.v2.API_KEY
ADDED from AndroidManifest.xml:82:9
	android:name
		ADDED from AndroidManifest.xml:83:13
	android:value
		ADDED from AndroidManifest.xml:84:13
meta-data#com.google.android.gms.version
ADDED from AndroidManifest.xml:86:9
MERGED from com.google.android.gms:play-services-base:7.3.0:21:9
MERGED from com.google.android.gms:play-services-base:7.3.0:21:9
MERGED from com.google.android.gms:play-services-base:7.3.0:21:9
MERGED from com.google.android.gms:play-services-base:7.3.0:21:9
MERGED from com.google.android.gms:play-services-base:7.3.0:21:9
MERGED from com.google.android.gms:play-services-base:7.3.0:21:9
	android:name
		ADDED from AndroidManifest.xml:87:13
	android:value
		ADDED from AndroidManifest.xml:88:13
uses-sdk
INJECTED from AndroidManifest.xml:0:0 reason: use-sdk injection requested
MERGED from com.android.support:appcompat-v7:22.2.1:20:5
MERGED from com.android.support:support-v4:22.2.1:20:5
MERGED from com.android.support:support-v4:22.2.1:20:5
MERGED from com.android.support:support-v13:22.0.0:20:5
MERGED from com.android.support:support-v4:22.2.1:20:5
MERGED from com.google.android.gms:play-services-maps:7.3.0:18:5
MERGED from com.google.android.gms:play-services-base:7.3.0:18:5
MERGED from com.android.support:support-v4:22.2.1:20:5
MERGED from com.google.android.gms:play-services-appindexing:7.3.0:18:5
MERGED from com.google.android.gms:play-services-base:7.3.0:18:5
MERGED from com.android.support:support-v4:22.2.1:20:5
MERGED from com.google.android.gms:play-services-identity:7.3.0:18:5
MERGED from com.google.android.gms:play-services-base:7.3.0:18:5
MERGED from com.android.support:support-v4:22.2.1:20:5
MERGED from com.google.android.gms:play-services-plus:7.3.0:18:5
MERGED from com.google.android.gms:play-services-base:7.3.0:18:5
MERGED from com.android.support:support-v4:22.2.1:20:5
MERGED from com.google.android.gms:play-services-base:7.3.0:18:5
MERGED from com.android.support:support-v4:22.2.1:20:5
MERGED from com.google.android.gms:play-services-gcm:7.3.0:18:5
MERGED from com.google.android.gms:play-services-base:7.3.0:18:5
MERGED from com.android.support:support-v4:22.2.1:20:5
MERGED from com.facebook.android:facebook-android-sdk:3.21.1:20:5
MERGED from com.android.support:support-v4:22.2.1:20:5
MERGED from com.mcxiaoke.volley:library:1.0.8:7:5
MERGED from com.google.maps.android:android-maps-utils:0.3.4:5:5
MERGED from com.andreabaccega:android-form-edittext:1.1.0:7:5
MERGED from com.afollestad:material-dialogs:0.7.3.3:8:5
MERGED from com.android.support:support-v4:22.2.1:20:5
MERGED from com.android.support:appcompat-v7:22.2.1:20:5
MERGED from com.android.support:support-v4:22.2.1:20:5
MERGED from com.android.support:recyclerview-v7:22.1.1:20:5
MERGED from com.android.support:support-v4:22.2.1:20:5
MERGED from com.ogaclejapan.smarttablayout:library:1.1.3:7:5
MERGED from com.ogaclejapan.smarttablayout:utils-v13:1.1.3:7:5
MERGED from com.nhaarman.listviewanimations:lib-core:3.1.0:22:5
MERGED from com.nhaarman.listviewanimations:lib-manipulation:3.1.0:22:5
MERGED from com.nhaarman.listviewanimations:lib-core-slh:3.1.0:22:5
MERGED from com.oguzdev:CircularFloatingActionMenu:1.0.2:7:5
MERGED from com.yalantis:phoenix:1.1.2:7:5
MERGED from com.android.support:support-v4:22.2.1:20:5
MERGED from com.crashlytics.sdk.android:crashlytics:2.5.2:7:5
MERGED from com.crashlytics.sdk.android:answers:1.3.2:7:5
MERGED from io.fabric.sdk.android:fabric:1.3.6:23:5
MERGED from io.fabric.sdk.android:fabric:1.3.6:23:5
MERGED from com.crashlytics.sdk.android:crashlytics-core:2.3.5:7:5
MERGED from com.crashlytics.sdk.android:answers:1.3.2:7:5
MERGED from io.fabric.sdk.android:fabric:1.3.6:23:5
MERGED from io.fabric.sdk.android:fabric:1.3.6:23:5
MERGED from com.crashlytics.sdk.android:beta:1.1.3:7:5
	android:targetSdkVersion
		INJECTED from AndroidManifest.xml:0:0
		INJECTED from AndroidManifest.xml:0:0
	android:minSdkVersion
		INJECTED from AndroidManifest.xml:0:0
		INJECTED from AndroidManifest.xml:0:0
activity#android.support.v7.widget.TestActivity
ADDED from com.android.support:recyclerview-v7:22.1.1:23:9
	android:label
		ADDED from com.android.support:recyclerview-v7:22.1.1:25:13
	android:name
		ADDED from com.android.support:recyclerview-v7:22.1.1:24:13
activity#com.nhaarman.listviewanimations.itemmanipulation.swipedismiss.SwipeTouchListenerTestActivity
ADDED from com.nhaarman.listviewanimations:lib-manipulation:3.1.0:27:9
	android:name
		ADDED from com.nhaarman.listviewanimations:lib-manipulation:3.1.0:27:19
activity#com.nhaarman.listviewanimations.itemmanipulation.dragdrop.DynamicListViewTestActivity
ADDED from com.nhaarman.listviewanimations:lib-manipulation:3.1.0:28:9
	android:name
		ADDED from com.nhaarman.listviewanimations:lib-manipulation:3.1.0:28:19